<?xml version="1.0" encoding="UTF-8"?>
<!-- Generated by org.testng.reporters.JUnitXMLReporter -->
<testsuite ignored="0" hostname="DESKTOP-CD78HT5" failures="0" tests="3" name="Default test" time="22.629" errors="0" timestamp="2025-06-20T16:38:00 IST">
  <testcase classname="com.selenium.practice.SeleniumPractice.PracticeRsaTest" name="AutoSuggestionExample" time="2.203"/>
  <testcase classname="com.selenium.practice.SeleniumPractice.PracticeRsaTest" name="DropdownExample" time="2.158"/>
  <testcase classname="com.selenium.practice.SeleniumPractice.PracticeRsaTest" name="RadioButtonExample" time="5.238"/>
</testsuite> <!-- Default test -->
