<?xml version="1.0" encoding="UTF-8"?>
<!-- Generated by org.testng.reporters.JUnitXMLReporter -->
<testsuite ignored="0" hostname="DESKTOP-CD78HT5" failures="0" tests="7" name="Default test" time="43.165" errors="0" timestamp="2025-07-02T20:09:47 IST">
  <testcase classname="com.selenium.practice.SeleniumPractice.PracticeRsaTest" name="AutoSuggestionExample" time="2.259"/>
  <testcase classname="com.selenium.practice.SeleniumPractice.PracticeRsaTest" name="DropdownExample" time="2.202"/>
  <testcase classname="com.selenium.practice.SeleniumPractice.PracticeRsaTest" name="RadioButtonExample" time="5.177"/>
  <testcase classname="com.selenium.practice.SeleniumPractice.PracticeRsaTest2" name="ConfirmationAlert" time="0.001"/>
  <testcase classname="com.selenium.practice.SeleniumPractice.PracticeRsaTest2" name="MouseOverExample" time="2.781"/>
  <testcase classname="com.selenium.practice.SeleniumPractice.PracticeRsaTest2" name="PromptAlert" time="0.005"/>
  <testcase classname="com.selenium.practice.SeleniumPractice.PracticeRsaTest2" name="SimpleAlert" time="4.305"/>
</testsuite> <!-- Default test -->
