<?xml version="1.0" encoding="UTF-8"?>
<!-- Generated by org.testng.reporters.JUnitXMLReporter -->
<testsuite ignored="0" hostname="DESKTOP-CD78HT5" failures="0" tests="3" name="Test" time="50.25" errors="0" timestamp="2025-06-20T13:46:08 IST">
  <testcase classname="com.selenium.practice.SeleniumPractice.PracticeRsaTest" name="AutoSuggestionExample" time="2.188"/>
  <testcase classname="com.selenium.practice.SeleniumPractice.PracticeRsaTest" name="RadioButtonExample" time="5.212"/>
  <testcase classname="com.selenium.practice.SeleniumPractice.DemoQATest" name="InputForm" time="5.438"/>
</testsuite> <!-- Test -->
