<?xml version="1.0" encoding="UTF-8"?>
<testng-results ignored="0" total="7" passed="7" failed="0" skipped="0">
  <reporter-output>
  </reporter-output>
  <suite started-at="2025-07-02T20:09:03 IST" name="Default suite" finished-at="2025-07-02T20:09:47 IST" duration-ms="43165">
    <groups>
    </groups>
    <test started-at="2025-07-02T20:09:03 IST" name="Default test" finished-at="2025-07-02T20:09:47 IST" duration-ms="43165">
      <class name="com.selenium.practice.SeleniumPractice.PracticeRsaTest2">
        <test-method is-config="true" signature="SetUp()[pri:0, instance:com.selenium.practice.SeleniumPractice.PracticeRsaTest2@26d9b808]" started-at="2025-07-02T20:09:04 IST" name="SetUp" finished-at="2025-07-02T20:09:11 IST" duration-ms="7878" status="PASS">
          <reporter-output>
          </reporter-output>
        </test-method> <!-- SetUp -->
        <test-method signature="AutoSuggestionExample()[pri:0, instance:com.selenium.practice.SeleniumPractice.PracticeRsaTest2@26d9b808]" started-at="2025-07-02T20:09:11 IST" name="AutoSuggestionExample" finished-at="2025-07-02T20:09:14 IST" duration-ms="2259" status="PASS">
          <reporter-output>
          </reporter-output>
        </test-method> <!-- AutoSuggestionExample -->
        <test-method is-config="true" signature="tearDown()[pri:0, instance:com.selenium.practice.SeleniumPractice.PracticeRsaTest2@26d9b808]" started-at="2025-07-02T20:09:14 IST" name="tearDown" finished-at="2025-07-02T20:09:14 IST" duration-ms="260" status="PASS">
          <reporter-output>
          </reporter-output>
        </test-method> <!-- tearDown -->
        <test-method is-config="true" signature="SetUp()[pri:0, instance:com.selenium.practice.SeleniumPractice.PracticeRsaTest2@26d9b808]" started-at="2025-07-02T20:09:14 IST" name="SetUp" finished-at="2025-07-02T20:09:16 IST" duration-ms="2550" status="PASS">
          <reporter-output>
          </reporter-output>
        </test-method> <!-- SetUp -->
        <test-method signature="DropdownExample()[pri:0, instance:com.selenium.practice.SeleniumPractice.PracticeRsaTest2@26d9b808]" started-at="2025-07-02T20:09:16 IST" name="DropdownExample" finished-at="2025-07-02T20:09:19 IST" duration-ms="2202" status="PASS">
          <reporter-output>
          </reporter-output>
        </test-method> <!-- DropdownExample -->
        <test-method is-config="true" signature="tearDown()[pri:0, instance:com.selenium.practice.SeleniumPractice.PracticeRsaTest2@26d9b808]" started-at="2025-07-02T20:09:19 IST" name="tearDown" finished-at="2025-07-02T20:09:19 IST" duration-ms="222" status="PASS">
          <reporter-output>
          </reporter-output>
        </test-method> <!-- tearDown -->
        <test-method is-config="true" signature="SetUp()[pri:0, instance:com.selenium.practice.SeleniumPractice.PracticeRsaTest2@26d9b808]" started-at="2025-07-02T20:09:19 IST" name="SetUp" finished-at="2025-07-02T20:09:22 IST" duration-ms="3062" status="PASS">
          <reporter-output>
          </reporter-output>
        </test-method> <!-- SetUp -->
        <test-method signature="RadioButtonExample()[pri:0, instance:com.selenium.practice.SeleniumPractice.PracticeRsaTest2@26d9b808]" started-at="2025-07-02T20:09:22 IST" name="RadioButtonExample" finished-at="2025-07-02T20:09:27 IST" duration-ms="5177" status="PASS">
          <reporter-output>
          </reporter-output>
        </test-method> <!-- RadioButtonExample -->
        <test-method is-config="true" signature="tearDown()[pri:0, instance:com.selenium.practice.SeleniumPractice.PracticeRsaTest2@26d9b808]" started-at="2025-07-02T20:09:27 IST" name="tearDown" finished-at="2025-07-02T20:09:27 IST" duration-ms="268" status="PASS">
          <reporter-output>
          </reporter-output>
        </test-method> <!-- tearDown -->
        <test-method is-config="true" signature="SetUp()[pri:0, instance:com.selenium.practice.SeleniumPractice.PracticeRsaTest2@26d9b808]" started-at="2025-07-02T20:09:27 IST" name="SetUp" finished-at="2025-07-02T20:09:30 IST" duration-ms="2833" status="PASS">
          <reporter-output>
          </reporter-output>
        </test-method> <!-- SetUp -->
        <test-method signature="ConfirmationAlert()[pri:0, instance:com.selenium.practice.SeleniumPractice.PracticeRsaTest2@26d9b808]" started-at="2025-07-02T20:09:30 IST" name="ConfirmationAlert" finished-at="2025-07-02T20:09:30 IST" duration-ms="1" status="PASS">
          <reporter-output>
          </reporter-output>
        </test-method> <!-- ConfirmationAlert -->
        <test-method is-config="true" signature="tearDown()[pri:0, instance:com.selenium.practice.SeleniumPractice.PracticeRsaTest2@26d9b808]" started-at="2025-07-02T20:09:30 IST" name="tearDown" finished-at="2025-07-02T20:09:30 IST" duration-ms="198" status="PASS">
          <reporter-output>
          </reporter-output>
        </test-method> <!-- tearDown -->
        <test-method is-config="true" signature="SetUp()[pri:0, instance:com.selenium.practice.SeleniumPractice.PracticeRsaTest2@26d9b808]" started-at="2025-07-02T20:09:30 IST" name="SetUp" finished-at="2025-07-02T20:09:33 IST" duration-ms="2859" status="PASS">
          <reporter-output>
          </reporter-output>
        </test-method> <!-- SetUp -->
        <test-method signature="MouseOverExample()[pri:0, instance:com.selenium.practice.SeleniumPractice.PracticeRsaTest2@26d9b808]" started-at="2025-07-02T20:09:33 IST" name="MouseOverExample" finished-at="2025-07-02T20:09:36 IST" duration-ms="2781" status="PASS">
          <reporter-output>
          </reporter-output>
        </test-method> <!-- MouseOverExample -->
        <test-method is-config="true" signature="tearDown()[pri:0, instance:com.selenium.practice.SeleniumPractice.PracticeRsaTest2@26d9b808]" started-at="2025-07-02T20:09:36 IST" name="tearDown" finished-at="2025-07-02T20:09:36 IST" duration-ms="227" status="PASS">
          <reporter-output>
          </reporter-output>
        </test-method> <!-- tearDown -->
        <test-method is-config="true" signature="SetUp()[pri:0, instance:com.selenium.practice.SeleniumPractice.PracticeRsaTest2@26d9b808]" started-at="2025-07-02T20:09:36 IST" name="SetUp" finished-at="2025-07-02T20:09:39 IST" duration-ms="2834" status="PASS">
          <reporter-output>
          </reporter-output>
        </test-method> <!-- SetUp -->
        <test-method signature="PromptAlert()[pri:0, instance:com.selenium.practice.SeleniumPractice.PracticeRsaTest2@26d9b808]" started-at="2025-07-02T20:09:39 IST" name="PromptAlert" finished-at="2025-07-02T20:09:39 IST" duration-ms="5" status="PASS">
          <reporter-output>
          </reporter-output>
        </test-method> <!-- PromptAlert -->
        <test-method is-config="true" signature="tearDown()[pri:0, instance:com.selenium.practice.SeleniumPractice.PracticeRsaTest2@26d9b808]" started-at="2025-07-02T20:09:39 IST" name="tearDown" finished-at="2025-07-02T20:09:39 IST" duration-ms="217" status="PASS">
          <reporter-output>
          </reporter-output>
        </test-method> <!-- tearDown -->
        <test-method is-config="true" signature="SetUp()[pri:0, instance:com.selenium.practice.SeleniumPractice.PracticeRsaTest2@26d9b808]" started-at="2025-07-02T20:09:39 IST" name="SetUp" finished-at="2025-07-02T20:09:42 IST" duration-ms="2697" status="PASS">
          <reporter-output>
          </reporter-output>
        </test-method> <!-- SetUp -->
        <test-method signature="SimpleAlert()[pri:0, instance:com.selenium.practice.SeleniumPractice.PracticeRsaTest2@26d9b808]" started-at="2025-07-02T20:09:42 IST" name="SimpleAlert" finished-at="2025-07-02T20:09:46 IST" duration-ms="4305" status="PASS">
          <reporter-output>
          </reporter-output>
        </test-method> <!-- SimpleAlert -->
        <test-method is-config="true" signature="tearDown()[pri:0, instance:com.selenium.practice.SeleniumPractice.PracticeRsaTest2@26d9b808]" started-at="2025-07-02T20:09:46 IST" name="tearDown" finished-at="2025-07-02T20:09:47 IST" duration-ms="250" status="PASS">
          <reporter-output>
          </reporter-output>
        </test-method> <!-- tearDown -->
      </class> <!-- com.selenium.practice.SeleniumPractice.PracticeRsaTest2 -->
    </test> <!-- Default test -->
  </suite> <!-- Default suite -->
</testng-results>
