<?xml version="1.0" encoding="UTF-8"?>
<testng-results ignored="0" total="1" passed="1" failed="0" skipped="0">
  <reporter-output>
  </reporter-output>
  <suite started-at="2025-06-12T09:40:59 IST" name="Default suite" finished-at="2025-06-12T09:41:08 IST" duration-ms="9050">
    <groups>
    </groups>
    <test started-at="2025-06-12T09:40:59 IST" name="Default test" finished-at="2025-06-12T09:41:08 IST" duration-ms="9050">
      <class name="com.selenium.practice.SeleniumPractice.DemoQATest">
        <test-method is-config="true" signature="SetUp()[pri:0, instance:com.selenium.practice.SeleniumPractice.DemoQATest@25641d39]" started-at="2025-06-12T09:40:59 IST" name="SetUp" finished-at="2025-06-12T09:41:05 IST" duration-ms="6345" status="PASS">
          <reporter-output>
          </reporter-output>
        </test-method> <!-- SetUp -->
        <test-method signature="Gsearch()[pri:0, instance:com.selenium.practice.SeleniumPractice.DemoQATest@25641d39]" started-at="2025-06-12T09:41:05 IST" name="Gsearch" finished-at="2025-06-12T09:41:08 IST" duration-ms="2401" status="PASS">
          <reporter-output>
          </reporter-output>
        </test-method> <!-- Gsearch -->
        <test-method is-config="true" signature="tearDown()[pri:0, instance:com.selenium.practice.SeleniumPractice.DemoQATest@25641d39]" started-at="2025-06-12T09:41:08 IST" name="tearDown" finished-at="2025-06-12T09:41:08 IST" duration-ms="236" status="PASS">
          <reporter-output>
          </reporter-output>
        </test-method> <!-- tearDown -->
      </class> <!-- com.selenium.practice.SeleniumPractice.DemoQATest -->
    </test> <!-- Default test -->
  </suite> <!-- Default suite -->
</testng-results>
